<?xml version="1.0" encoding="UTF-8"?>
<!-- Generated by org.testng.reporters.JUnitXMLReporter -->
<testsuite ignored="3" hostname="ARPGL000981" failures="2" tests="8" name="PL" time="0.121" errors="0" timestamp="2024-04-30T14:11:09 IST">
  <testcase classname="test.Day1" name="webLoginPL" time="0.0">
    <failure type="org.testng.TestNGException" message="
Parameter &amp;apos;URL&amp;apos; is required by @Test on method webLoginPL but has not been marked @Optional or defined
in C:\Users\balaji_taware\eclipse-workspace\TestNGPractice\testng3.xml">
      <![CDATA[org.testng.TestNGException: 
Parameter 'URL' is required by @Test on method webLoginPL but has not been marked @Optional or defined
in C:\Users\balaji_taware\eclipse-workspace\TestNGPractice\testng3.xml
at java.base/java.util.ArrayList.forEach(ArrayList.java:1511)
... Removed 26 stack frames]]>
    </failure>
  </testcase> <!-- webLoginPL -->
  <testcase classname="test.Day2" name="apiLoginPL" time="0.003"/>
  <testcase classname="test.Day3" name="mobileLoginCarLoan" time="0.0">
    <failure type="org.testng.TestNGException" message="
Parameter &amp;apos;URL&amp;apos; is required by @Test on method mobileLoginCarLoan but has not been marked @Optional or defined
in C:\Users\balaji_taware\eclipse-workspace\TestNGPractice\testng3.xml">
      <![CDATA[org.testng.TestNGException: 
Parameter 'URL' is required by @Test on method mobileLoginCarLoan but has not been marked @Optional or defined
in C:\Users\balaji_taware\eclipse-workspace\TestNGPractice\testng3.xml
at java.base/java.util.ArrayList.forEach(ArrayList.java:1511)
... Removed 26 stack frames]]>
    </failure>
  </testcase> <!-- mobileLoginCarLoan -->
  <testcase classname="test.Day3" name="webLoginCarLoan" time="0.003"/>
  <testcase classname="test.Day3" name="webLoginCarLoan" time="0.002"/>
  <testcase classname="test.Day3" name="webLoginCarLoan" time="0.002"/>
  <testcase classname="test.Day4" name="mobileLoginHomeLoan" time="0.002"/>
  <testcase classname="test.Day4" name="webLoginHomeLoan" time="0.003"/>
  <testcase classname="test.Day1" name="mobileLoginPL" time="0.0">
    <ignored/>
  </testcase> <!-- mobileLoginPL -->
  <testcase classname="test.Day3" name="apiLoginCarLoan" time="0.0">
    <ignored/>
  </testcase> <!-- apiLoginCarLoan -->
  <testcase classname="test.Day4" name="apiLoginHomeLoan" time="0.0">
    <ignored/>
  </testcase> <!-- apiLoginHomeLoan -->
</testsuite> <!-- PL -->
